c:\users\admin\downloads\成大\三上\選修-(三上)-計算機圖學-方晶晶\e14092013_cg_final\stack001\stack\debug\vc140.pdb
c:\users\admin\downloads\成大\三上\選修-(三上)-計算機圖學-方晶晶\e14092013_cg_final\stack001\stack\debug\vc140.idb
c:\users\admin\downloads\成大\三上\選修-(三上)-計算機圖學-方晶晶\e14092013_cg_final\stack001\stack\debug\bitmap.obj
c:\users\admin\downloads\成大\三上\選修-(三上)-計算機圖學-方晶晶\e14092013_cg_final\stack001\stack\debug\font.obj
c:\users\admin\downloads\成大\三上\選修-(三上)-計算機圖學-方晶晶\e14092013_cg_final\stack001\stack\debug\texture.obj
c:\users\admin\downloads\成大\三上\選修-(三上)-計算機圖學-方晶晶\e14092013_cg_final\stack001\stack\debug\buttombitmap.obj
c:\users\admin\downloads\成大\三上\選修-(三上)-計算機圖學-方晶晶\e14092013_cg_final\stack001\stack\debug\cuboid.obj
c:\users\admin\downloads\成大\三上\選修-(三上)-計算機圖學-方晶晶\e14092013_cg_final\stack001\stack\debug\main.obj
c:\users\admin\downloads\成大\三上\選修-(三上)-計算機圖學-方晶晶\e14092013_cg_final\stack001\stack\debug\render.obj
c:\users\admin\downloads\成大\三上\選修-(三上)-計算機圖學-方晶晶\e14092013_cg_final\stack001\debug\stack.ilk
c:\users\admin\downloads\成大\三上\選修-(三上)-計算機圖學-方晶晶\e14092013_cg_final\stack001\debug\stack.exe
c:\users\admin\downloads\成大\三上\選修-(三上)-計算機圖學-方晶晶\e14092013_cg_final\stack001\debug\stack.pdb
c:\users\admin\downloads\程式類\c＋＋\e14092013_cg_final\stack001\stack\debug\bitmap.obj
c:\users\admin\downloads\程式類\c＋＋\e14092013_cg_final\stack001\stack\debug\buttombitmap.obj
c:\users\admin\downloads\程式類\c＋＋\e14092013_cg_final\stack001\stack\debug\cuboid.obj
c:\users\admin\downloads\程式類\c＋＋\e14092013_cg_final\stack001\stack\debug\font.obj
c:\users\admin\downloads\程式類\c＋＋\e14092013_cg_final\stack001\stack\debug\main.obj
c:\users\admin\downloads\程式類\c＋＋\e14092013_cg_final\stack001\stack\debug\render.obj
c:\users\admin\downloads\程式類\c＋＋\e14092013_cg_final\stack001\stack\debug\texture.obj
c:\users\admin\downloads\程式類\c＋＋\e14092013_cg_final\stack001\stack\debug\vc140.idb
c:\users\admin\downloads\程式類\c＋＋\e14092013_cg_final\stack001\stack\debug\vc140.pdb
c:\users\admin\downloads\程式類\c＋＋\e14092013_cg_final\stack001\debug\stack.pdb
c:\users\admin\downloads\程式類\c＋＋\e14092013_cg_final\stack001\debug\stack.exe
c:\users\admin\downloads\程式類\c＋＋\e14092013_cg_final\stack001\debug\stack.ilk
c:\users\admin\downloads\程式類\c＋＋\e14092013_cg_final\stack001\stack\debug\stack.tlog\cl.command.1.tlog
c:\users\admin\downloads\程式類\c＋＋\e14092013_cg_final\stack001\stack\debug\stack.tlog\cl.read.1.tlog
c:\users\admin\downloads\程式類\c＋＋\e14092013_cg_final\stack001\stack\debug\stack.tlog\cl.write.1.tlog
c:\users\admin\downloads\程式類\c＋＋\e14092013_cg_final\stack001\stack\debug\stack.tlog\link.command.1.tlog
c:\users\admin\downloads\程式類\c＋＋\e14092013_cg_final\stack001\stack\debug\stack.tlog\link.read.1.tlog
c:\users\admin\downloads\程式類\c＋＋\e14092013_cg_final\stack001\stack\debug\stack.tlog\link.write.1.tlog
